[2026-01-29T13:12:26.961+0000] {manager.py:469} INFO - Processing files using up to 2 processes at a time 
[2026-01-29T13:12:26.962+0000] {manager.py:470} INFO - Process each file at most once every 30 seconds
[2026-01-29T13:12:26.963+0000] {manager.py:471} INFO - Checking for new files in /opt/airflow/dags every 300 seconds
[2026-01-29T13:12:26.963+0000] {manager.py:738} INFO - Searching for files in /opt/airflow/dags
[2026-01-29T13:12:26.990+0000] {manager.py:741} INFO - There are 0 files in /opt/airflow/dags
[2026-01-29T13:19:30.051+0000] {manager.py:469} INFO - Processing files using up to 2 processes at a time 
[2026-01-29T13:19:30.052+0000] {manager.py:470} INFO - Process each file at most once every 30 seconds
[2026-01-29T13:19:30.052+0000] {manager.py:471} INFO - Checking for new files in /opt/airflow/dags every 300 seconds
[2026-01-29T13:19:30.052+0000] {manager.py:738} INFO - Searching for files in /opt/airflow/dags
[2026-01-29T13:19:30.067+0000] {manager.py:741} INFO - There are 0 files in /opt/airflow/dags
[2026-01-29T13:25:12.047+0000] {manager.py:469} INFO - Processing files using up to 2 processes at a time 
[2026-01-29T13:25:12.048+0000] {manager.py:470} INFO - Process each file at most once every 30 seconds
[2026-01-29T13:25:12.049+0000] {manager.py:471} INFO - Checking for new files in /opt/airflow/dags every 300 seconds
[2026-01-29T13:25:12.050+0000] {manager.py:738} INFO - Searching for files in /opt/airflow/dags
[2026-01-29T13:25:12.075+0000] {manager.py:741} INFO - There are 0 files in /opt/airflow/dags
[2026-01-29T13:30:12.719+0000] {manager.py:738} INFO - Searching for files in /opt/airflow/dags
[2026-01-29T13:30:12.777+0000] {manager.py:741} INFO - There are 0 files in /opt/airflow/dags
[2026-01-29T13:32:53.948+0000] {manager.py:469} INFO - Processing files using up to 2 processes at a time 
[2026-01-29T13:32:53.950+0000] {manager.py:470} INFO - Process each file at most once every 30 seconds
[2026-01-29T13:32:53.950+0000] {manager.py:471} INFO - Checking for new files in /opt/airflow/dags every 300 seconds
[2026-01-29T13:32:53.951+0000] {manager.py:738} INFO - Searching for files in /opt/airflow/dags
[2026-01-29T13:32:53.986+0000] {manager.py:741} INFO - There are 0 files in /opt/airflow/dags
[2026-01-29T13:39:21.599+0000] {manager.py:469} INFO - Processing files using up to 2 processes at a time 
[2026-01-29T13:39:21.600+0000] {manager.py:470} INFO - Process each file at most once every 30 seconds
[2026-01-29T13:39:21.600+0000] {manager.py:471} INFO - Checking for new files in /opt/airflow/dags every 300 seconds
[2026-01-29T13:39:21.601+0000] {manager.py:738} INFO - Searching for files in /opt/airflow/dags
[2026-01-29T13:39:21.625+0000] {manager.py:741} INFO - There are 0 files in /opt/airflow/dags
[2026-01-29T13:42:45.046+0000] {manager.py:451} INFO - Exiting gracefully upon receiving signal 15
[2026-01-29T13:45:24.068+0000] {manager.py:469} INFO - Processing files using up to 2 processes at a time 
[2026-01-29T13:45:24.069+0000] {manager.py:470} INFO - Process each file at most once every 30 seconds
[2026-01-29T13:45:24.070+0000] {manager.py:471} INFO - Checking for new files in /opt/airflow/dags every 300 seconds
[2026-01-29T13:45:24.070+0000] {manager.py:738} INFO - Searching for files in /opt/airflow/dags
[2026-01-29T13:45:24.093+0000] {manager.py:741} INFO - There are 0 files in /opt/airflow/dags
[2026-01-29T13:50:24.602+0000] {manager.py:738} INFO - Searching for files in /opt/airflow/dags
[2026-01-29T13:50:24.729+0000] {manager.py:741} INFO - There are 0 files in /opt/airflow/dags
[2026-01-29T13:55:25.183+0000] {manager.py:738} INFO - Searching for files in /opt/airflow/dags
[2026-01-29T13:55:25.222+0000] {manager.py:741} INFO - There are 0 files in /opt/airflow/dags
[2026-01-29T14:00:25.739+0000] {manager.py:738} INFO - Searching for files in /opt/airflow/dags
[2026-01-29T14:00:25.755+0000] {manager.py:741} INFO - There are 0 files in /opt/airflow/dags
[2026-01-29T14:05:26.251+0000] {manager.py:738} INFO - Searching for files in /opt/airflow/dags
[2026-01-29T14:05:26.292+0000] {manager.py:741} INFO - There are 0 files in /opt/airflow/dags
[2026-01-29T14:10:26.816+0000] {manager.py:738} INFO - Searching for files in /opt/airflow/dags
[2026-01-29T14:10:26.854+0000] {manager.py:741} INFO - There are 0 files in /opt/airflow/dags
[2026-01-29T14:15:27.381+0000] {manager.py:738} INFO - Searching for files in /opt/airflow/dags
[2026-01-29T14:15:27.443+0000] {manager.py:741} INFO - There are 0 files in /opt/airflow/dags
[2026-01-29T14:20:27.927+0000] {manager.py:738} INFO - Searching for files in /opt/airflow/dags
[2026-01-29T14:20:27.984+0000] {manager.py:741} INFO - There are 0 files in /opt/airflow/dags
[2026-01-29T14:21:28.941+0000] {manager.py:451} INFO - Exiting gracefully upon receiving signal 15
[2026-01-29T14:37:16.267+0000] {manager.py:469} INFO - Processing files using up to 2 processes at a time 
[2026-01-29T14:37:16.268+0000] {manager.py:470} INFO - Process each file at most once every 30 seconds
[2026-01-29T14:37:16.269+0000] {manager.py:471} INFO - Checking for new files in /opt/airflow/dags every 300 seconds
[2026-01-29T14:37:16.269+0000] {manager.py:738} INFO - Searching for files in /opt/airflow/dags
[2026-01-29T14:37:16.288+0000] {manager.py:741} INFO - There are 0 files in /opt/airflow/dags
[2026-01-29T14:42:16.785+0000] {manager.py:738} INFO - Searching for files in /opt/airflow/dags
[2026-01-29T14:42:16.833+0000] {manager.py:741} INFO - There are 0 files in /opt/airflow/dags
[2026-01-29T14:47:17.337+0000] {manager.py:738} INFO - Searching for files in /opt/airflow/dags
[2026-01-29T14:47:17.386+0000] {manager.py:741} INFO - There are 0 files in /opt/airflow/dags
[2026-01-29T14:49:23.387+0000] {manager.py:451} INFO - Exiting gracefully upon receiving signal 15
[2026-01-29T17:07:56.453+0000] {manager.py:469} INFO - Processing files using up to 2 processes at a time 
[2026-01-29T17:07:56.454+0000] {manager.py:470} INFO - Process each file at most once every 30 seconds
[2026-01-29T17:07:56.455+0000] {manager.py:471} INFO - Checking for new files in /opt/airflow/dags every 300 seconds
[2026-01-29T17:07:56.456+0000] {manager.py:738} INFO - Searching for files in /opt/airflow/dags
[2026-01-29T17:07:56.481+0000] {manager.py:741} INFO - There are 0 files in /opt/airflow/dags
[2026-01-29T17:08:00.562+0000] {manager.py:451} INFO - Exiting gracefully upon receiving signal 15
[2026-01-29T17:53:28.330+0000] {manager.py:469} INFO - Processing files using up to 2 processes at a time 
[2026-01-29T17:53:28.331+0000] {manager.py:470} INFO - Process each file at most once every 30 seconds
[2026-01-29T17:53:28.332+0000] {manager.py:471} INFO - Checking for new files in /opt/airflow/dags every 300 seconds
[2026-01-29T17:53:28.332+0000] {manager.py:738} INFO - Searching for files in /opt/airflow/dags
[2026-01-29T17:53:28.358+0000] {manager.py:741} INFO - There are 0 files in /opt/airflow/dags
[2026-01-29T17:58:28.877+0000] {manager.py:738} INFO - Searching for files in /opt/airflow/dags
[2026-01-29T17:58:29.017+0000] {manager.py:741} INFO - There are 0 files in /opt/airflow/dags
[2026-01-29T18:03:29.442+0000] {manager.py:738} INFO - Searching for files in /opt/airflow/dags
[2026-01-29T18:03:29.484+0000] {manager.py:741} INFO - There are 0 files in /opt/airflow/dags
[2026-01-29T18:05:45.441+0000] {manager.py:451} INFO - Exiting gracefully upon receiving signal 15
[2026-01-29T18:07:31.813+0000] {manager.py:469} INFO - Processing files using up to 2 processes at a time 
[2026-01-29T18:07:31.814+0000] {manager.py:470} INFO - Process each file at most once every 30 seconds
[2026-01-29T18:07:31.814+0000] {manager.py:471} INFO - Checking for new files in /opt/airflow/dags every 300 seconds
[2026-01-29T18:07:31.815+0000] {manager.py:738} INFO - Searching for files in /opt/airflow/dags
[2026-01-29T18:07:31.840+0000] {manager.py:741} INFO - There are 0 files in /opt/airflow/dags
[2026-01-29T18:11:28.528+0000] {manager.py:451} INFO - Exiting gracefully upon receiving signal 15
[2026-01-29T18:14:00.982+0000] {manager.py:469} INFO - Processing files using up to 2 processes at a time 
[2026-01-29T18:14:00.983+0000] {manager.py:470} INFO - Process each file at most once every 30 seconds
[2026-01-29T18:14:00.984+0000] {manager.py:471} INFO - Checking for new files in /opt/airflow/dags every 300 seconds
[2026-01-29T18:14:00.984+0000] {manager.py:738} INFO - Searching for files in /opt/airflow/dags
[2026-01-29T18:14:01.011+0000] {manager.py:741} INFO - There are 0 files in /opt/airflow/dags
[2026-01-29T18:19:01.530+0000] {manager.py:738} INFO - Searching for files in /opt/airflow/dags
[2026-01-29T18:19:01.640+0000] {manager.py:741} INFO - There are 0 files in /opt/airflow/dags
[2026-01-29T18:19:46.058+0000] {manager.py:451} INFO - Exiting gracefully upon receiving signal 15
[2026-01-29T18:20:46.868+0000] {manager.py:469} INFO - Processing files using up to 2 processes at a time 
[2026-01-29T18:20:46.869+0000] {manager.py:470} INFO - Process each file at most once every 30 seconds
[2026-01-29T18:20:46.869+0000] {manager.py:471} INFO - Checking for new files in /opt/airflow/dags every 300 seconds
[2026-01-29T18:20:46.870+0000] {manager.py:738} INFO - Searching for files in /opt/airflow/dags
[2026-01-29T18:20:46.893+0000] {manager.py:741} INFO - There are 0 files in /opt/airflow/dags
[2026-01-29T18:25:47.307+0000] {manager.py:738} INFO - Searching for files in /opt/airflow/dags
[2026-01-29T18:25:47.357+0000] {manager.py:741} INFO - There are 0 files in /opt/airflow/dags
[2026-01-29T18:27:27.119+0000] {manager.py:451} INFO - Exiting gracefully upon receiving signal 15
[2026-01-29T18:28:04.963+0000] {manager.py:469} INFO - Processing files using up to 2 processes at a time 
[2026-01-29T18:28:04.964+0000] {manager.py:470} INFO - Process each file at most once every 30 seconds
[2026-01-29T18:28:04.965+0000] {manager.py:471} INFO - Checking for new files in /opt/airflow/dags every 300 seconds
[2026-01-29T18:28:04.965+0000] {manager.py:738} INFO - Searching for files in /opt/airflow/dags
[2026-01-29T18:28:04.988+0000] {manager.py:741} INFO - There are 0 files in /opt/airflow/dags
[2026-01-29T18:33:05.470+0000] {manager.py:738} INFO - Searching for files in /opt/airflow/dags
[2026-01-29T18:33:05.532+0000] {manager.py:741} INFO - There are 0 files in /opt/airflow/dags
[2026-01-29T18:34:50.881+0000] {manager.py:451} INFO - Exiting gracefully upon receiving signal 15
[2026-01-29T18:35:42.568+0000] {manager.py:469} INFO - Processing files using up to 2 processes at a time 
[2026-01-29T18:35:42.569+0000] {manager.py:470} INFO - Process each file at most once every 30 seconds
[2026-01-29T18:35:42.569+0000] {manager.py:471} INFO - Checking for new files in /opt/airflow/dags every 300 seconds
[2026-01-29T18:35:42.570+0000] {manager.py:738} INFO - Searching for files in /opt/airflow/dags
[2026-01-29T18:35:42.594+0000] {manager.py:741} INFO - There are 0 files in /opt/airflow/dags
[2026-01-29T18:38:21.171+0000] {manager.py:451} INFO - Exiting gracefully upon receiving signal 15
[2026-01-29T18:39:20.444+0000] {manager.py:469} INFO - Processing files using up to 2 processes at a time 
[2026-01-29T18:39:20.445+0000] {manager.py:470} INFO - Process each file at most once every 30 seconds
[2026-01-29T18:39:20.445+0000] {manager.py:471} INFO - Checking for new files in /opt/airflow/dags every 300 seconds
[2026-01-29T18:39:20.446+0000] {manager.py:738} INFO - Searching for files in /opt/airflow/dags
[2026-01-29T18:39:20.490+0000] {manager.py:741} INFO - There are 0 files in /opt/airflow/dags
[2026-01-29T18:40:38.129+0000] {manager.py:451} INFO - Exiting gracefully upon receiving signal 15
[2026-01-29T18:47:54.349+0000] {manager.py:469} INFO - Processing files using up to 2 processes at a time 
[2026-01-29T18:47:54.350+0000] {manager.py:470} INFO - Process each file at most once every 30 seconds
[2026-01-29T18:47:54.351+0000] {manager.py:471} INFO - Checking for new files in /opt/airflow/dags every 300 seconds
[2026-01-29T18:47:54.352+0000] {manager.py:738} INFO - Searching for files in /opt/airflow/dags
[2026-01-29T18:47:54.380+0000] {manager.py:741} INFO - There are 0 files in /opt/airflow/dags
[2026-01-29T18:48:28.640+0000] {manager.py:451} INFO - Exiting gracefully upon receiving signal 15
[2026-01-29T18:52:53.133+0000] {manager.py:469} INFO - Processing files using up to 2 processes at a time 
[2026-01-29T18:52:53.135+0000] {manager.py:470} INFO - Process each file at most once every 30 seconds
[2026-01-29T18:52:53.135+0000] {manager.py:471} INFO - Checking for new files in /opt/airflow/dags every 300 seconds
[2026-01-29T18:52:53.136+0000] {manager.py:738} INFO - Searching for files in /opt/airflow/dags
[2026-01-29T18:52:53.165+0000] {manager.py:741} INFO - There are 0 files in /opt/airflow/dags
[2026-01-29T18:57:53.608+0000] {manager.py:738} INFO - Searching for files in /opt/airflow/dags
[2026-01-29T18:57:53.671+0000] {manager.py:741} INFO - There are 0 files in /opt/airflow/dags
[2026-01-29T18:59:33.692+0000] {manager.py:451} INFO - Exiting gracefully upon receiving signal 15
[2026-01-29T19:00:06.722+0000] {manager.py:469} INFO - Processing files using up to 2 processes at a time 
[2026-01-29T19:00:06.723+0000] {manager.py:470} INFO - Process each file at most once every 30 seconds
[2026-01-29T19:00:06.724+0000] {manager.py:471} INFO - Checking for new files in /opt/airflow/dags every 300 seconds
[2026-01-29T19:00:06.724+0000] {manager.py:738} INFO - Searching for files in /opt/airflow/dags
[2026-01-29T19:00:06.751+0000] {manager.py:741} INFO - There are 0 files in /opt/airflow/dags
[2026-01-29T19:05:07.204+0000] {manager.py:738} INFO - Searching for files in /opt/airflow/dags
[2026-01-29T19:05:07.250+0000] {manager.py:741} INFO - There are 0 files in /opt/airflow/dags
[2026-01-29T19:05:08.645+0000] {manager.py:451} INFO - Exiting gracefully upon receiving signal 15
[2026-01-29T19:06:13.918+0000] {manager.py:469} INFO - Processing files using up to 2 processes at a time 
[2026-01-29T19:06:13.919+0000] {manager.py:470} INFO - Process each file at most once every 30 seconds
[2026-01-29T19:06:13.920+0000] {manager.py:471} INFO - Checking for new files in /opt/airflow/dags every 300 seconds
[2026-01-29T19:06:13.921+0000] {manager.py:738} INFO - Searching for files in /opt/airflow/dags
[2026-01-29T19:06:13.948+0000] {manager.py:741} INFO - There are 0 files in /opt/airflow/dags
[2026-01-29T19:11:14.385+0000] {manager.py:738} INFO - Searching for files in /opt/airflow/dags
[2026-01-29T19:11:14.437+0000] {manager.py:741} INFO - There are 0 files in /opt/airflow/dags
[2026-01-29T19:16:14.909+0000] {manager.py:738} INFO - Searching for files in /opt/airflow/dags
[2026-01-29T19:16:14.976+0000] {manager.py:741} INFO - There are 0 files in /opt/airflow/dags
[2026-01-29T19:16:50.535+0000] {manager.py:451} INFO - Exiting gracefully upon receiving signal 15
[2026-01-30T11:42:24.773+0000] {manager.py:469} INFO - Processing files using up to 2 processes at a time 
[2026-01-30T11:42:24.774+0000] {manager.py:470} INFO - Process each file at most once every 30 seconds
[2026-01-30T11:42:24.774+0000] {manager.py:471} INFO - Checking for new files in /opt/airflow/dags every 300 seconds
[2026-01-30T11:42:24.775+0000] {manager.py:738} INFO - Searching for files in /opt/airflow/dags
[2026-01-30T11:42:24.797+0000] {manager.py:741} INFO - There are 0 files in /opt/airflow/dags
[2026-01-30T11:57:17.249+0000] {manager.py:469} INFO - Processing files using up to 2 processes at a time 
[2026-01-30T11:57:17.250+0000] {manager.py:470} INFO - Process each file at most once every 30 seconds
[2026-01-30T11:57:17.250+0000] {manager.py:471} INFO - Checking for new files in /opt/airflow/dags every 300 seconds
[2026-01-30T11:57:17.251+0000] {manager.py:738} INFO - Searching for files in /opt/airflow/dags
[2026-01-30T11:57:17.273+0000] {manager.py:741} INFO - There are 0 files in /opt/airflow/dags
[2026-01-30T11:59:21.638+0000] {manager.py:451} INFO - Exiting gracefully upon receiving signal 15
[2026-01-30T12:04:36.030+0000] {manager.py:469} INFO - Processing files using up to 2 processes at a time 
[2026-01-30T12:04:36.032+0000] {manager.py:470} INFO - Process each file at most once every 30 seconds
[2026-01-30T12:04:36.032+0000] {manager.py:471} INFO - Checking for new files in /opt/airflow/dags every 300 seconds
[2026-01-30T12:04:36.033+0000] {manager.py:738} INFO - Searching for files in /opt/airflow/dags
[2026-01-30T12:04:36.056+0000] {manager.py:741} INFO - There are 0 files in /opt/airflow/dags
[2026-01-30T12:05:29.079+0000] {manager.py:451} INFO - Exiting gracefully upon receiving signal 15
[2026-01-30T12:16:23.816+0000] {manager.py:469} INFO - Processing files using up to 2 processes at a time 
[2026-01-30T12:16:23.817+0000] {manager.py:470} INFO - Process each file at most once every 30 seconds
[2026-01-30T12:16:23.818+0000] {manager.py:471} INFO - Checking for new files in /opt/airflow/dags every 300 seconds
[2026-01-30T12:16:23.818+0000] {manager.py:738} INFO - Searching for files in /opt/airflow/dags
[2026-01-30T12:16:23.844+0000] {manager.py:741} INFO - There are 0 files in /opt/airflow/dags
[2026-01-30T12:21:24.378+0000] {manager.py:738} INFO - Searching for files in /opt/airflow/dags
[2026-01-30T12:21:24.398+0000] {manager.py:741} INFO - There are 0 files in /opt/airflow/dags
[2026-01-30T12:25:15.307+0000] {manager.py:451} INFO - Exiting gracefully upon receiving signal 15
[2026-01-30T12:26:15.588+0000] {manager.py:469} INFO - Processing files using up to 2 processes at a time 
[2026-01-30T12:26:15.589+0000] {manager.py:470} INFO - Process each file at most once every 30 seconds
[2026-01-30T12:26:15.590+0000] {manager.py:471} INFO - Checking for new files in /opt/airflow/dags every 300 seconds
[2026-01-30T12:26:15.590+0000] {manager.py:738} INFO - Searching for files in /opt/airflow/dags
[2026-01-30T12:26:15.610+0000] {manager.py:741} INFO - There are 0 files in /opt/airflow/dags
[2026-01-30T12:28:55.993+0000] {manager.py:451} INFO - Exiting gracefully upon receiving signal 15
